INFO: [VRFC 10-2263] Analyzing SystemVerilog file "C:/Users/Jnzhu/Documents/Vivado/Among_Us/Among_Us.srcs/sources_1/new/Animate.sv" into library xil_defaultlib
INFO: [VRFC 10-311] analyzing module Animate
INFO: [VRFC 10-2263] Analyzing SystemVerilog file "C:/Users/Jnzhu/Documents/Vivado/Among_Us/Among_Us.srcs/sources_1/imports/design_source/Color_Mapper.sv" into library xil_defaultlib
INFO: [VRFC 10-311] analyzing module color_mapper
INFO: [VRFC 10-2263] Analyzing SystemVerilog file "C:/Users/Jnzhu/Documents/Vivado/Among_Us/Among_Us.srcs/sources_1/imports/design_source/VGA_controller.sv" into library xil_defaultlib
INFO: [VRFC 10-311] analyzing module vga_controller
INFO: [VRFC 10-2263] Analyzing SystemVerilog file "C:/Users/Jnzhu/Documents/Vivado/Among_Us/Among_Us.srcs/sources_1/imports/design_source/ball.sv" into library xil_defaultlib
INFO: [VRFC 10-311] analyzing module ball
INFO: [VRFC 10-2263] Analyzing SystemVerilog file "C:/Users/Jnzhu/Documents/Vivado/Among_Us/Among_Us.srcs/sources_1/new/big_fsm.sv" into library xil_defaultlib
INFO: [VRFC 10-311] analyzing module big_fsm
INFO: [VRFC 10-2263] Analyzing SystemVerilog file "C:/Users/Jnzhu/Documents/Vivado/Among_Us/Among_Us.srcs/sources_1/new/coffee_color_mapper.sv" into library xil_defaultlib
INFO: [VRFC 10-311] analyzing module coffee_color_mapper
INFO: [VRFC 10-2263] Analyzing SystemVerilog file "C:/Users/Jnzhu/Documents/Vivado/Among_Us/Among_Us.srcs/sources_1/imports/Image_to_COE/coffee_fail/coffee_fail_palette.sv" into library xil_defaultlib
INFO: [VRFC 10-311] analyzing module coffee_fail_palette
INFO: [VRFC 10-2263] Analyzing SystemVerilog file "C:/Users/Jnzhu/Documents/Vivado/Among_Us/Among_Us.srcs/sources_1/imports/Image_to_COE/coffee_overflow/coffee_overflow_palette.sv" into library xil_defaultlib
INFO: [VRFC 10-311] analyzing module coffee_overflow_palette
INFO: [VRFC 10-2263] Analyzing SystemVerilog file "C:/Users/Jnzhu/Documents/Vivado/Among_Us/Among_Us.srcs/sources_1/imports/Image_to_COE/coffee/coffee_palette.sv" into library xil_defaultlib
INFO: [VRFC 10-311] analyzing module coffee_palette
INFO: [VRFC 10-2263] Analyzing SystemVerilog file "C:/Users/Jnzhu/Documents/Vivado/Among_Us/Among_Us.srcs/sources_1/imports/Image_to_COE/coffee_successful/coffee_successful_palette.sv" into library xil_defaultlib
INFO: [VRFC 10-311] analyzing module coffee_successful_palette
INFO: [VRFC 10-2263] Analyzing SystemVerilog file "C:/Users/Jnzhu/Documents/Vivado/Among_Us/Among_Us.srcs/sources_1/imports/eceb_map/eceb_map_example.sv" into library xil_defaultlib
INFO: [VRFC 10-311] analyzing module eceb_map_example
INFO: [VRFC 10-2263] Analyzing SystemVerilog file "C:/Users/Jnzhu/Documents/Vivado/Among_Us/Among_Us.srcs/sources_1/imports/eceb_map/eceb_map_palette.sv" into library xil_defaultlib
INFO: [VRFC 10-311] analyzing module eceb_map_palette
INFO: [VRFC 10-2263] Analyzing SystemVerilog file "C:/Users/Jnzhu/Documents/Vivado/Among_Us/Among_Us.srcs/sources_1/new/eceb_walls.sv" into library xil_defaultlib
INFO: [VRFC 10-311] analyzing module eceb_walls
INFO: [VRFC 10-2263] Analyzing SystemVerilog file "C:/Users/Jnzhu/Documents/Vivado/Among_Us/Among_Us.srcs/sources_1/imports/Image_to_COE/fail/fail_palette.sv" into library xil_defaultlib
INFO: [VRFC 10-311] analyzing module task_num_fail_palette
INFO: [VRFC 10-2263] Analyzing SystemVerilog file "C:/Users/Jnzhu/Documents/Vivado/Among_Us/Among_Us.srcs/sources_1/imports/design_source/hex_driver.sv" into library xil_defaultlib
INFO: [VRFC 10-311] analyzing module hex_driver
INFO: [VRFC 10-311] analyzing module nibble_to_hex
INFO: [VRFC 10-2263] Analyzing SystemVerilog file "C:/Users/Jnzhu/Documents/Vivado/Among_Us/Among_Us.srcs/sources_1/imports/Image_to_COE/left_character0/left_character0_example.sv" into library xil_defaultlib
INFO: [VRFC 10-311] analyzing module left_character0_example
INFO: [VRFC 10-2263] Analyzing SystemVerilog file "C:/Users/Jnzhu/Documents/Vivado/Among_Us/Among_Us.srcs/sources_1/imports/Image_to_COE/left_character0/left_character0_palette.sv" into library xil_defaultlib
INFO: [VRFC 10-311] analyzing module left_character0_palette
INFO: [VRFC 10-2263] Analyzing SystemVerilog file "C:/Users/Jnzhu/Documents/Vivado/Among_Us/Among_Us.srcs/sources_1/imports/Image_to_COE/left_character1/left_character1_example.sv" into library xil_defaultlib
INFO: [VRFC 10-311] analyzing module left_character1_example
INFO: [VRFC 10-2263] Analyzing SystemVerilog file "C:/Users/Jnzhu/Documents/Vivado/Among_Us/Among_Us.srcs/sources_1/imports/Image_to_COE/left_character1/left_character1_palette.sv" into library xil_defaultlib
INFO: [VRFC 10-311] analyzing module left_character1_palette
INFO: [VRFC 10-2263] Analyzing SystemVerilog file "C:/Users/Jnzhu/Documents/Vivado/Among_Us/Among_Us.srcs/sources_1/imports/Image_to_COE/left_character2/left_character2_example.sv" into library xil_defaultlib
INFO: [VRFC 10-311] analyzing module left_character2_example
INFO: [VRFC 10-2263] Analyzing SystemVerilog file "C:/Users/Jnzhu/Documents/Vivado/Among_Us/Among_Us.srcs/sources_1/imports/Image_to_COE/left_character2/left_character2_palette.sv" into library xil_defaultlib
INFO: [VRFC 10-311] analyzing module left_character2_palette
INFO: [VRFC 10-2263] Analyzing SystemVerilog file "C:/Users/Jnzhu/Documents/Vivado/Among_Us/Among_Us.srcs/sources_1/imports/design_source/mb_usb_hdmi_top.sv" into library xil_defaultlib
INFO: [VRFC 10-311] analyzing module mb_usb_hdmi_top
INFO: [VRFC 10-2263] Analyzing SystemVerilog file "C:/Users/Jnzhu/Documents/Vivado/Among_Us/Among_Us.srcs/sources_1/imports/ECE 385/num_color_mapper.sv" into library xil_defaultlib
INFO: [VRFC 10-311] analyzing module num_color_mapper
INFO: [VRFC 10-2263] Analyzing SystemVerilog file "C:/Users/Jnzhu/Documents/Vivado/Among_Us/Among_Us.srcs/sources_1/imports/printer/printer_palette.sv" into library xil_defaultlib
INFO: [VRFC 10-311] analyzing module task_num_palette
INFO: [VRFC 10-2263] Analyzing SystemVerilog file "C:/Users/Jnzhu/Documents/Vivado/Among_Us/Among_Us.srcs/sources_1/imports/sprite_0/sprite_0_example.sv" into library xil_defaultlib
INFO: [VRFC 10-311] analyzing module sprite_0_example
INFO: [VRFC 10-2263] Analyzing SystemVerilog file "C:/Users/Jnzhu/Documents/Vivado/Among_Us/Among_Us.srcs/sources_1/imports/sprite_0/sprite_0_palette.sv" into library xil_defaultlib
INFO: [VRFC 10-311] analyzing module sprite_0_palette
INFO: [VRFC 10-2263] Analyzing SystemVerilog file "C:/Users/Jnzhu/Documents/Vivado/Among_Us/Among_Us.srcs/sources_1/imports/sprite_1/sprite_1_example.sv" into library xil_defaultlib
INFO: [VRFC 10-311] analyzing module sprite_1_example
INFO: [VRFC 10-2263] Analyzing SystemVerilog file "C:/Users/Jnzhu/Documents/Vivado/Among_Us/Among_Us.srcs/sources_1/imports/sprite_1/sprite_1_palette.sv" into library xil_defaultlib
INFO: [VRFC 10-311] analyzing module sprite_1_palette
INFO: [VRFC 10-2263] Analyzing SystemVerilog file "C:/Users/Jnzhu/Documents/Vivado/Among_Us/Among_Us.srcs/sources_1/imports/sprite_2/sprite_2_example.sv" into library xil_defaultlib
INFO: [VRFC 10-311] analyzing module sprite_2_example
INFO: [VRFC 10-2263] Analyzing SystemVerilog file "C:/Users/Jnzhu/Documents/Vivado/Among_Us/Among_Us.srcs/sources_1/imports/sprite_2/sprite_2_palette.sv" into library xil_defaultlib
INFO: [VRFC 10-311] analyzing module sprite_2_palette
INFO: [VRFC 10-2263] Analyzing SystemVerilog file "C:/Users/Jnzhu/Documents/Vivado/Among_Us/Among_Us.srcs/sources_1/imports/start_screen/start_screen_example.sv" into library xil_defaultlib
INFO: [VRFC 10-311] analyzing module start_screen_example
INFO: [VRFC 10-2263] Analyzing SystemVerilog file "C:/Users/Jnzhu/Documents/Vivado/Among_Us/Among_Us.srcs/sources_1/imports/start_screen/start_screen_palette.sv" into library xil_defaultlib
INFO: [VRFC 10-311] analyzing module start_screen_palette
INFO: [VRFC 10-2263] Analyzing SystemVerilog file "C:/Users/Jnzhu/Documents/Vivado/Among_Us/Among_Us.srcs/sources_1/imports/ECE 385/task_coffee.sv" into library xil_defaultlib
INFO: [VRFC 10-311] analyzing module task_coffee
INFO: [VRFC 10-2263] Analyzing SystemVerilog file "C:/Users/Jnzhu/Documents/Vivado/Among_Us/Among_Us.srcs/sources_1/imports/ECE 385/task_num.sv" into library xil_defaultlib
INFO: [VRFC 10-311] analyzing module task_num
INFO: [VRFC 10-2263] Analyzing SystemVerilog file "C:/Users/Jnzhu/Documents/Vivado/Among_Us/Among_Us.srcs/sources_1/imports/Downloads/task_vials.sv" into library xil_defaultlib
INFO: [VRFC 10-311] analyzing module task_vials
INFO: [VRFC 10-2263] Analyzing SystemVerilog file "C:/Users/Jnzhu/Documents/Vivado/Among_Us/Among_Us.srcs/sources_1/imports/Downloads/vials_color_mapper.sv" into library xil_defaultlib
INFO: [VRFC 10-311] analyzing module vials_color_mapper
INFO: [VRFC 10-2263] Analyzing SystemVerilog file "C:/Users/Jnzhu/Documents/Vivado/Among_Us/Among_Us.srcs/sources_1/imports/Image_to_COE/vials/vials_palette.sv" into library xil_defaultlib
INFO: [VRFC 10-311] analyzing module task_vials_palette
INFO: [VRFC 10-2263] Analyzing SystemVerilog file "C:/Users/Jnzhu/Documents/Vivado/Among_Us/Among_Us.srcs/sources_1/imports/Image_to_COE/vials_sprite/vials_sprite_palette.sv" into library xil_defaultlib
INFO: [VRFC 10-311] analyzing module task_vials_sprite_palette
INFO: [VRFC 10-2263] Analyzing SystemVerilog file "C:/Users/Jnzhu/Documents/Vivado/Among_Us/Among_Us.srcs/sources_1/imports/win/win_palette.sv" into library xil_defaultlib
INFO: [VRFC 10-311] analyzing module task_num_win_palette
INFO: [VRFC 10-2263] Analyzing SystemVerilog file "C:/Users/Jnzhu/Documents/Vivado/Among_Us/Among_Us.srcs/sim_1/new/collision_test.sv" into library xil_defaultlib
INFO: [VRFC 10-311] analyzing module collision_test
